<?xml version="1.0" encoding="UTF-8"?>
<!-- Generated by org.testng.reporters.JUnitXMLReporter -->
<testsuite ignored="0" hostname="LAPTOP-6HI5R7OD" failures="0" tests="3" name="Command line test" time="51.687" errors="0" timestamp="2023-01-30T18:36:41 IST">
  <testcase classname="TestSuites.TestCases" name="@BeforeTest invokeBrowser" time="51.448">
    <failure type="org.openqa.selenium.SessionNotCreatedException" message="session not created: This version of ChromeDriver only supports Chrome version 107
Current browser version is 109.0.5414.120 with binary path C:\Program Files\Google\Chrome\Application\chrome.exe
Build info: version: &amp;apos;3.141.59&amp;apos;, revision: &amp;apos;e82be7d358&amp;apos;, time: &amp;apos;2018-11-14T08:17:03&amp;apos;
System info: host: &amp;apos;LAPTOP-6HI5R7OD&amp;apos;, ip: &amp;apos;127.0.0.1&amp;apos;, os.name: &amp;apos;Windows 11&amp;apos;, os.arch: &amp;apos;amd64&amp;apos;, os.version: &amp;apos;10.0&amp;apos;, java.version: &amp;apos;17.0.2&amp;apos;
Driver info: driver.version: ChromeDriver
remote stacktrace: Backtrace:
	Ordinal0 [0x011DACD3+2075859]
	Ordinal0 [0x0116EE61+1633889]
	Ordinal0 [0x0106B7BD+571325]
	Ordinal0 [0x0108DFCD+712653]
	Ordinal0 [0x01089266+692838]
	Ordinal0 [0x01086BE9+682985]
	Ordinal0 [0x010BDBD3+908243]
	Ordinal0 [0x010BD6AA+906922]
	Ordinal0 [0x010B7136+880950]
	Ordinal0 [0x0108FEFD+720637]
	Ordinal0 [0x01090F3F+724799]
	GetHandleVerifier [0x0148EED2+2769538]
	GetHandleVerifier [0x01480D95+2711877]
	GetHandleVerifier [0x0126A03A+521194]
	GetHandleVerifier [0x01268DA0+516432]
	Ordinal0 [0x0117682C+1665068]
	Ordinal0 [0x0117B128+1683752]
	Ordinal0 [0x0117B215+1683989]
	Ordinal0 [0x01186484+1729668]
	BaseThreadInitThunk [0x75F26BD9+25]
	RtlGetFullPathName_UEx [0x771C8FD2+1218]
	RtlGetFullPathName_UEx [0x771C8F9D+1165]
">
      <![CDATA[org.openqa.selenium.SessionNotCreatedException: session not created: This version of ChromeDriver only supports Chrome version 107
Current browser version is 109.0.5414.120 with binary path C:\Program Files\Google\Chrome\Application\chrome.exe
Build info: version: '3.141.59', revision: 'e82be7d358', time: '2018-11-14T08:17:03'
System info: host: 'LAPTOP-6HI5R7OD', ip: '127.0.0.1', os.name: 'Windows 11', os.arch: 'amd64', os.version: '10.0', java.version: '17.0.2'
Driver info: driver.version: ChromeDriver
remote stacktrace: Backtrace:
Ordinal0 [0x011DACD3+2075859]
Ordinal0 [0x0116EE61+1633889]
Ordinal0 [0x0106B7BD+571325]
Ordinal0 [0x0108DFCD+712653]
Ordinal0 [0x01089266+692838]
Ordinal0 [0x01086BE9+682985]
Ordinal0 [0x010BDBD3+908243]
Ordinal0 [0x010BD6AA+906922]
Ordinal0 [0x010B7136+880950]
Ordinal0 [0x0108FEFD+720637]
Ordinal0 [0x01090F3F+724799]
GetHandleVerifier [0x0148EED2+2769538]
GetHandleVerifier [0x01480D95+2711877]
GetHandleVerifier [0x0126A03A+521194]
GetHandleVerifier [0x01268DA0+516432]
Ordinal0 [0x0117682C+1665068]
Ordinal0 [0x0117B128+1683752]
Ordinal0 [0x0117B215+1683989]
Ordinal0 [0x01186484+1729668]
BaseThreadInitThunk [0x75F26BD9+25]
RtlGetFullPathName_UEx [0x771C8FD2+1218]
RtlGetFullPathName_UEx [0x771C8F9D+1165]

at org.openqa.selenium.remote.W3CHandshakeResponse.lambda$errorHandler$0(W3CHandshakeResponse.java:62)
at org.openqa.selenium.remote.HandshakeResponse.lambda$getResponseFunction$0(HandshakeResponse.java:30)
at org.openqa.selenium.remote.ProtocolHandshake.lambda$createSession$0(ProtocolHandshake.java:126)
at java.base/java.util.stream.ReferencePipeline$3$1.accept(ReferencePipeline.java:197)
at java.base/java.util.Spliterators$ArraySpliterator.tryAdvance(Spliterators.java:1002)
at java.base/java.util.stream.ReferencePipeline.forEachWithCancel(ReferencePipeline.java:129)
at java.base/java.util.stream.AbstractPipeline.copyIntoWithCancel(AbstractPipeline.java:527)
at java.base/java.util.stream.AbstractPipeline.copyInto(AbstractPipeline.java:513)
at java.base/java.util.stream.AbstractPipeline.wrapAndCopyInto(AbstractPipeline.java:499)
at java.base/java.util.stream.FindOps$FindOp.evaluateSequential(FindOps.java:150)
at java.base/java.util.stream.AbstractPipeline.evaluate(AbstractPipeline.java:234)
at java.base/java.util.stream.ReferencePipeline.findFirst(ReferencePipeline.java:647)
at org.openqa.selenium.remote.ProtocolHandshake.createSession(ProtocolHandshake.java:128)
at org.openqa.selenium.remote.ProtocolHandshake.createSession(ProtocolHandshake.java:74)
at org.openqa.selenium.remote.HttpCommandExecutor.execute(HttpCommandExecutor.java:136)
at org.openqa.selenium.remote.service.DriverCommandExecutor.execute(DriverCommandExecutor.java:83)
at org.openqa.selenium.remote.RemoteWebDriver.execute(RemoteWebDriver.java:552)
at org.openqa.selenium.remote.RemoteWebDriver.startSession(RemoteWebDriver.java:213)
at org.openqa.selenium.remote.RemoteWebDriver.<init>(RemoteWebDriver.java:131)
at org.openqa.selenium.chrome.ChromeDriver.<init>(ChromeDriver.java:181)
at org.openqa.selenium.chrome.ChromeDriver.<init>(ChromeDriver.java:168)
at org.openqa.selenium.chrome.ChromeDriver.<init>(ChromeDriver.java:157)
at Base.Base.invokeBrowser(Base.java:54)
at TestSuites.TestCases.invokeBrowser(TestCases.java:25)
... Removed 38 stack frames]]>
    </failure>
  </testcase> <!-- @BeforeTest invokeBrowser -->
  <testcase classname="TestSuites.TestCases" name="@AfterTest closeBrowser" time="0.0">
    <skipped/>
  </testcase> <!-- @AfterTest closeBrowser -->
  <testcase classname="TestSuites.TestCases" name="carwash" time="0.0">
    <skipped/>
  </testcase> <!-- carwash -->
  <testcase classname="TestSuites.TestCases" name="listing" time="0.0">
    <skipped/>
  </testcase> <!-- listing -->
  <testcase classname="TestSuites.TestCases" name="retrieve" time="0.0">
    <skipped/>
  </testcase> <!-- retrieve -->
</testsuite> <!-- Command line test -->
